[2023-05-10 05:20:34,709] [140570385422144] DEBUG	logging.py - wrapper:129 -> [START] /usr/local/lib/python3.8/dist-packages/ait_sdk/common/files/ait_requirements_generator.py[2]:add_package(<ait_sdk.common.files.ait_requirements_generator.AITRequirementsGenerator object at 0x7fd9103a2820>,pandas)
[2023-05-10 05:20:34,714] [140570385422144] DEBUG	logging.py - wrapper:137 -> [END] /usr/local/lib/python3.8/dist-packages/ait_sdk/common/files/ait_requirements_generator.py[2]:add_package()
[2023-05-10 05:20:34,714] [140570385422144] DEBUG	logging.py - wrapper:129 -> [START] /usr/local/lib/python3.8/dist-packages/ait_sdk/common/files/ait_requirements_generator.py[3]:add_package(<ait_sdk.common.files.ait_requirements_generator.AITRequirementsGenerator object at 0x7fd9103a2820>,seaborn)
[2023-05-10 05:20:34,715] [140570385422144] DEBUG	logging.py - wrapper:137 -> [END] /usr/local/lib/python3.8/dist-packages/ait_sdk/common/files/ait_requirements_generator.py[3]:add_package()
[2023-05-10 05:20:34,727] [140570385422144] DEBUG	logging.py - wrapper:129 -> [START] /usr/local/lib/python3.8/dist-packages/ait_sdk/common/files/ait_requirements_generator.py[2]:add_package(<ait_sdk.common.files.ait_requirements_generator.AITRequirementsGenerator object at 0x7fd9103a2820>,./ait_sdk-0.1.19-py3-none-any.whl)
[2023-05-10 05:20:34,728] [140570385422144] DEBUG	logging.py - wrapper:137 -> [END] /usr/local/lib/python3.8/dist-packages/ait_sdk/common/files/ait_requirements_generator.py[2]:add_package()
[2023-05-10 05:20:34,729] [140570385422144] DEBUG	logging.py - wrapper:129 -> [START] /usr/local/lib/python3.8/dist-packages/ait_sdk/common/files/ait_requirements_generator.py[3]:create_requirements(<ait_sdk.common.files.ait_requirements_generator.AITRequirementsGenerator object at 0x7fd9103a2820>,/workdir/root/develop)
[2023-05-10 05:20:34,748] [140570385422144] DEBUG	logging.py - wrapper:135 -> [END] /usr/local/lib/python3.8/dist-packages/ait_sdk/common/files/ait_requirements_generator.py[3]:create_requirements() = /workdir/root/develop/requirements.txt
[2023-05-10 05:20:43,405] [140570385422144] DEBUG	__init__.py - wrapper:307 -> matplotlib data path: /usr/local/lib/python3.8/dist-packages/matplotlib/mpl-data
[2023-05-10 05:20:43,411] [140570385422144] DEBUG	__init__.py - wrapper:307 -> CONFIGDIR=/root/.config/matplotlib
[2023-05-10 05:20:43,412] [140570385422144] DEBUG	__init__.py - <module>:1475 -> interactive is False
[2023-05-10 05:20:43,413] [140570385422144] DEBUG	__init__.py - <module>:1476 -> platform is linux
[2023-05-10 05:20:43,462] [140570385422144] DEBUG	__init__.py - wrapper:307 -> CACHEDIR=/root/.cache/matplotlib
[2023-05-10 05:20:43,462] [140570385422144] DEBUG	font_manager.py - __init__:998 -> font search path [PosixPath('/usr/local/lib/python3.8/dist-packages/matplotlib/mpl-data/fonts/ttf'), PosixPath('/usr/local/lib/python3.8/dist-packages/matplotlib/mpl-data/fonts/afm'), PosixPath('/usr/local/lib/python3.8/dist-packages/matplotlib/mpl-data/fonts/pdfcorefonts')]
[2023-05-10 05:20:43,707] [140570385422144] INFO	font_manager.py - _load_fontmanager:1544 -> generated new fontManager
[2023-05-10 05:20:43,963] [140570385422144] DEBUG	logging.py - wrapper:129 -> [START] /usr/local/lib/python3.8/dist-packages/ait_sdk/common/files/ait_manifest_generator.py[5]:set_ait_name(<ait_sdk.common.files.ait_manifest_generator.AITManifestGenerator object at 0x7fd8eb4e51c0>,dev_ait_template_for_aithub)
[2023-05-10 05:20:43,964] [140570385422144] DEBUG	logging.py - wrapper:137 -> [END] /usr/local/lib/python3.8/dist-packages/ait_sdk/common/files/ait_manifest_generator.py[5]:set_ait_name()
[2023-05-10 05:20:43,965] [140570385422144] DEBUG	logging.py - wrapper:129 -> [START] /usr/local/lib/python3.8/dist-packages/ait_sdk/common/files/ait_manifest_generator.py[6]:set_ait_description(<ait_sdk.common.files.ait_manifest_generator.AITManifestGenerator object at 0x7fd8eb4e51c0>,AIT開発テンプレート(AIT-HUB登録用))
[2023-05-10 05:20:43,965] [140570385422144] DEBUG	logging.py - wrapper:137 -> [END] /usr/local/lib/python3.8/dist-packages/ait_sdk/common/files/ait_manifest_generator.py[6]:set_ait_description()
[2023-05-10 05:20:43,968] [140570385422144] DEBUG	logging.py - wrapper:129 -> [START] /usr/local/lib/python3.8/dist-packages/ait_sdk/common/files/ait_manifest_generator.py[7]:set_ait_source_repository(<ait_sdk.common.files.ait_manifest_generator.AITManifestGenerator object at 0x7fd8eb4e51c0>,https://github.com/aistairc/qunomon/tree/main/ait_repository/ait/dev_ait_template_for_aithub)
[2023-05-10 05:20:43,970] [140570385422144] DEBUG	logging.py - wrapper:137 -> [END] /usr/local/lib/python3.8/dist-packages/ait_sdk/common/files/ait_manifest_generator.py[7]:set_ait_source_repository()
[2023-05-10 05:20:43,971] [140570385422144] DEBUG	logging.py - wrapper:129 -> [START] /usr/local/lib/python3.8/dist-packages/ait_sdk/common/files/ait_manifest_generator.py[8]:set_ait_version(<ait_sdk.common.files.ait_manifest_generator.AITManifestGenerator object at 0x7fd8eb4e51c0>,0.2)
[2023-05-10 05:20:43,971] [140570385422144] DEBUG	logging.py - wrapper:137 -> [END] /usr/local/lib/python3.8/dist-packages/ait_sdk/common/files/ait_manifest_generator.py[8]:set_ait_version()
[2023-05-10 05:20:43,972] [140570385422144] DEBUG	logging.py - wrapper:129 -> [START] /usr/local/lib/python3.8/dist-packages/ait_sdk/common/files/ait_manifest_generator.py[9]:add_ait_keywords(<ait_sdk.common.files.ait_manifest_generator.AITManifestGenerator object at 0x7fd8eb4e51c0>,AIT)
[2023-05-10 05:20:43,973] [140570385422144] DEBUG	logging.py - wrapper:137 -> [END] /usr/local/lib/python3.8/dist-packages/ait_sdk/common/files/ait_manifest_generator.py[9]:add_ait_keywords()
[2023-05-10 05:20:43,973] [140570385422144] DEBUG	logging.py - wrapper:129 -> [START] /usr/local/lib/python3.8/dist-packages/ait_sdk/common/files/ait_manifest_generator.py[10]:add_ait_keywords(<ait_sdk.common.files.ait_manifest_generator.AITManifestGenerator object at 0x7fd8eb4e51c0>,Template)
[2023-05-10 05:20:43,976] [140570385422144] DEBUG	logging.py - wrapper:137 -> [END] /usr/local/lib/python3.8/dist-packages/ait_sdk/common/files/ait_manifest_generator.py[10]:add_ait_keywords()
[2023-05-10 05:20:43,977] [140570385422144] DEBUG	logging.py - wrapper:129 -> [START] /usr/local/lib/python3.8/dist-packages/ait_sdk/common/files/ait_manifest_generator.py[11]:set_ait_description(<ait_sdk.common.files.ait_manifest_generator.AITManifestGenerator object at 0x7fd8eb4e51c0>,AIT template (docker image regist to remote))
[2023-05-10 05:20:43,977] [140570385422144] DEBUG	logging.py - wrapper:137 -> [END] /usr/local/lib/python3.8/dist-packages/ait_sdk/common/files/ait_manifest_generator.py[11]:set_ait_description()
[2023-05-10 05:20:43,978] [140570385422144] DEBUG	logging.py - wrapper:129 -> [START] /usr/local/lib/python3.8/dist-packages/ait_sdk/common/files/ait_manifest_generator.py[12]:set_ait_source_repository(<ait_sdk.common.files.ait_manifest_generator.AITManifestGenerator object at 0x7fd8eb4e51c0>,https://hub.docker.com/r/qunomon/dev_template_remote_docker)
[2023-05-10 05:20:43,979] [140570385422144] DEBUG	logging.py - wrapper:137 -> [END] /usr/local/lib/python3.8/dist-packages/ait_sdk/common/files/ait_manifest_generator.py[12]:set_ait_source_repository()
[2023-05-10 05:20:43,979] [140570385422144] DEBUG	logging.py - wrapper:129 -> [START] /usr/local/lib/python3.8/dist-packages/ait_sdk/common/files/ait_manifest_generator.py[13]:set_ait_version(<ait_sdk.common.files.ait_manifest_generator.AITManifestGenerator object at 0x7fd8eb4e51c0>,0.1)
[2023-05-10 05:20:43,980] [140570385422144] DEBUG	logging.py - wrapper:137 -> [END] /usr/local/lib/python3.8/dist-packages/ait_sdk/common/files/ait_manifest_generator.py[13]:set_ait_version()
[2023-05-10 05:20:43,980] [140570385422144] DEBUG	logging.py - wrapper:129 -> [START] /usr/local/lib/python3.8/dist-packages/ait_sdk/common/files/ait_manifest_generator.py[14]:set_ait_quality(<ait_sdk.common.files.ait_manifest_generator.AITManifestGenerator object at 0x7fd8eb4e51c0>,https://back-web.aithub.io/ait-hub/api/0.0.1/qualityDimensions/AIQM_Guideline/Coverage_for_distinguished_problem_cases)
[2023-05-10 05:20:43,981] [140570385422144] DEBUG	logging.py - wrapper:137 -> [END] /usr/local/lib/python3.8/dist-packages/ait_sdk/common/files/ait_manifest_generator.py[14]:set_ait_quality()
[2023-05-10 05:20:43,982] [140570385422144] DEBUG	logging.py - wrapper:129 -> [START] /usr/local/lib/python3.8/dist-packages/ait_sdk/common/files/ait_manifest_generator.py[15]:format_ait_inventory_requirement(<ait_sdk.common.files.ait_manifest_generator.AITManifestGenerator object at 0x7fd8eb4e51c0>)
[2023-05-10 05:20:43,983] [140570385422144] DEBUG	logging.py - wrapper:135 -> [END] /usr/local/lib/python3.8/dist-packages/ait_sdk/common/files/ait_manifest_generator.py[15]:format_ait_inventory_requirement() = {'format': ['csv']}
[2023-05-10 05:20:43,984] [140570385422144] DEBUG	logging.py - wrapper:129 -> [START] /usr/local/lib/python3.8/dist-packages/ait_sdk/common/files/ait_manifest_generator.py[16]:add_ait_inventories(<ait_sdk.common.files.ait_manifest_generator.AITManifestGenerator object at 0x7fd8eb4e51c0>)
[2023-05-10 05:20:43,984] [140570385422144] DEBUG	logging.py - wrapper:137 -> [END] /usr/local/lib/python3.8/dist-packages/ait_sdk/common/files/ait_manifest_generator.py[16]:add_ait_inventories()
[2023-05-10 05:20:43,984] [140570385422144] DEBUG	logging.py - wrapper:129 -> [START] /usr/local/lib/python3.8/dist-packages/ait_sdk/common/files/ait_manifest_generator.py[20]:add_ait_parameters(<ait_sdk.common.files.ait_manifest_generator.AITManifestGenerator object at 0x7fd8eb4e51c0>)
[2023-05-10 05:20:43,985] [140570385422144] DEBUG	logging.py - wrapper:137 -> [END] /usr/local/lib/python3.8/dist-packages/ait_sdk/common/files/ait_manifest_generator.py[20]:add_ait_parameters()
[2023-05-10 05:20:43,985] [140570385422144] DEBUG	logging.py - wrapper:129 -> [START] /usr/local/lib/python3.8/dist-packages/ait_sdk/common/files/ait_manifest_generator.py[24]:add_ait_measures(<ait_sdk.common.files.ait_manifest_generator.AITManifestGenerator object at 0x7fd8eb4e51c0>)
[2023-05-10 05:20:43,986] [140570385422144] DEBUG	logging.py - wrapper:137 -> [END] /usr/local/lib/python3.8/dist-packages/ait_sdk/common/files/ait_manifest_generator.py[24]:add_ait_measures()
[2023-05-10 05:20:43,986] [140570385422144] DEBUG	logging.py - wrapper:129 -> [START] /usr/local/lib/python3.8/dist-packages/ait_sdk/common/files/ait_manifest_generator.py[29]:add_ait_resources(<ait_sdk.common.files.ait_manifest_generator.AITManifestGenerator object at 0x7fd8eb4e51c0>)
[2023-05-10 05:20:43,986] [140570385422144] DEBUG	logging.py - wrapper:137 -> [END] /usr/local/lib/python3.8/dist-packages/ait_sdk/common/files/ait_manifest_generator.py[29]:add_ait_resources()
[2023-05-10 05:20:43,987] [140570385422144] DEBUG	logging.py - wrapper:129 -> [START] /usr/local/lib/python3.8/dist-packages/ait_sdk/common/files/ait_manifest_generator.py[32]:add_ait_downloads(<ait_sdk.common.files.ait_manifest_generator.AITManifestGenerator object at 0x7fd8eb4e51c0>)
[2023-05-10 05:20:43,989] [140570385422144] DEBUG	logging.py - wrapper:137 -> [END] /usr/local/lib/python3.8/dist-packages/ait_sdk/common/files/ait_manifest_generator.py[32]:add_ait_downloads()
[2023-05-10 05:20:43,990] [140570385422144] DEBUG	logging.py - wrapper:129 -> [START] /usr/local/lib/python3.8/dist-packages/ait_sdk/common/files/ait_manifest_generator.py[34]:write(<ait_sdk.common.files.ait_manifest_generator.AITManifestGenerator object at 0x7fd8eb4e51c0>)
[2023-05-10 05:20:43,990] [140570385422144] DEBUG	logging.py - wrapper:129 -> [START] /usr/local/lib/python3.8/dist-packages/ait_sdk/common/files/ait_manifest_generator.py[664]:_check_required_items(<ait_sdk.common.files.ait_manifest_generator.AITManifestGenerator object at 0x7fd8eb4e51c0>)
[2023-05-10 05:20:43,991] [140570385422144] DEBUG	logging.py - wrapper:137 -> [END] /usr/local/lib/python3.8/dist-packages/ait_sdk/common/files/ait_manifest_generator.py[664]:_check_required_items()
[2023-05-10 05:20:43,991] [140570385422144] DEBUG	logging.py - wrapper:129 -> [START] /usr/local/lib/python3.8/dist-packages/ait_sdk/common/files/ait_manifest_generator.py[666]:_check_format_items(<ait_sdk.common.files.ait_manifest_generator.AITManifestGenerator object at 0x7fd8eb4e51c0>)
[2023-05-10 05:20:43,992] [140570385422144] DEBUG	logging.py - wrapper:137 -> [END] /usr/local/lib/python3.8/dist-packages/ait_sdk/common/files/ait_manifest_generator.py[666]:_check_format_items()
[2023-05-10 05:20:43,997] [140570385422144] DEBUG	logging.py - wrapper:135 -> [END] /usr/local/lib/python3.8/dist-packages/ait_sdk/common/files/ait_manifest_generator.py[34]:write() = /workdir/root/develop/ait.manifest.json
[2023-05-10 05:20:44,013] [140570385422144] DEBUG	logging.py - wrapper:129 -> [START] /usr/local/lib/python3.8/dist-packages/ait_sdk/common/files/ait_input_generator.py[4]:add_ait_inventories(<ait_sdk.common.files.ait_input_generator.AITInputGenerator object at 0x7fd8eb4dcb80>)
[2023-05-10 05:20:44,014] [140570385422144] DEBUG	logging.py - wrapper:137 -> [END] /usr/local/lib/python3.8/dist-packages/ait_sdk/common/files/ait_input_generator.py[4]:add_ait_inventories()
[2023-05-10 05:20:44,015] [140570385422144] DEBUG	logging.py - wrapper:129 -> [START] /usr/local/lib/python3.8/dist-packages/ait_sdk/common/files/ait_input_generator.py[6]:set_ait_params(<ait_sdk.common.files.ait_input_generator.AITInputGenerator object at 0x7fd8eb4dcb80>)
[2023-05-10 05:20:44,016] [140570385422144] DEBUG	logging.py - wrapper:137 -> [END] /usr/local/lib/python3.8/dist-packages/ait_sdk/common/files/ait_input_generator.py[6]:set_ait_params()
[2023-05-10 05:20:44,017] [140570385422144] DEBUG	logging.py - wrapper:129 -> [START] /usr/local/lib/python3.8/dist-packages/ait_sdk/common/files/ait_input_generator.py[8]:write(<ait_sdk.common.files.ait_input_generator.AITInputGenerator object at 0x7fd8eb4dcb80>)
[2023-05-10 05:20:44,040] [140570385422144] DEBUG	logging.py - wrapper:135 -> [END] /usr/local/lib/python3.8/dist-packages/ait_sdk/common/files/ait_input_generator.py[8]:write() = /usr/local/qai/mnt/ip/job_args/1/1/ait.input.json
[2023-05-10 05:20:44,049] [140570385422144] DEBUG	logging.py - wrapper:129 -> [START] /usr/local/lib/python3.8/dist-packages/ait_sdk/common/files/ait_output.py[5]:__init__(<ait_sdk.common.files.ait_output.AITOutput object at 0x7fd8eb506a90>,<ait_sdk.common.files.ait_manifest.AITManifest object at 0x7fd8eb506a60>)
[2023-05-10 05:20:44,050] [140570385422144] DEBUG	logging.py - wrapper:137 -> [END] /usr/local/lib/python3.8/dist-packages/ait_sdk/common/files/ait_output.py[5]:__init__()
[2023-05-10 05:20:44,051] [140570385422144] DEBUG	logging.py - wrapper:129 -> [START] /usr/local/lib/python3.8/dist-packages/ait_sdk/develop/ait_path_helper.py[16]:__init__(<ait_sdk.develop.ait_path_helper.AITPathHelper object at 0x7fd8eb581640>)
[2023-05-10 05:20:44,052] [140570385422144] DEBUG	logging.py - wrapper:137 -> [END] /usr/local/lib/python3.8/dist-packages/ait_sdk/develop/ait_path_helper.py[16]:__init__()
[2023-05-10 05:20:44,053] [140570385422144] DEBUG	logging.py - wrapper:129 -> [START] /usr/local/lib/python3.8/dist-packages/ait_sdk/develop/ait_path_helper.py[18]:get_input_file_path(<ait_sdk.develop.ait_path_helper.AITPathHelper object at 0x7fd8eb581640>)
[2023-05-10 05:20:44,054] [140570385422144] DEBUG	logging.py - wrapper:135 -> [END] /usr/local/lib/python3.8/dist-packages/ait_sdk/develop/ait_path_helper.py[18]:get_input_file_path() = /usr/local/qai/mnt/ip/job_args/1/1/ait.input.json
[2023-05-10 05:20:44,054] [140570385422144] DEBUG	logging.py - wrapper:129 -> [START] /usr/local/lib/python3.8/dist-packages/ait_sdk/common/files/ait_input.py[18]:read_json(<ait_sdk.common.files.ait_input.AITInput object at 0x7fd8eb506ac0>,/usr/local/qai/mnt/ip/job_args/1/1/ait.input.json)
[2023-05-10 05:20:44,060] [140570385422144] DEBUG	logging.py - wrapper:137 -> [END] /usr/local/lib/python3.8/dist-packages/ait_sdk/common/files/ait_input.py[18]:read_json()
[2023-05-10 05:20:44,061] [140570385422144] DEBUG	logging.py - wrapper:129 -> [START] /usr/local/lib/python3.8/dist-packages/ait_sdk/develop/ait_path_helper.py[19]:get_manifest_file_path(<ait_sdk.develop.ait_path_helper.AITPathHelper object at 0x7fd8eb581640>)
[2023-05-10 05:20:44,061] [140570385422144] DEBUG	logging.py - wrapper:135 -> [END] /usr/local/lib/python3.8/dist-packages/ait_sdk/develop/ait_path_helper.py[19]:get_manifest_file_path() = /workdir/root/develop/ait.manifest.json
[2023-05-10 05:20:44,064] [140570385422144] DEBUG	logging.py - wrapper:129 -> [START] /usr/local/lib/python3.8/dist-packages/ait_sdk/common/files/ait_manifest.py[19]:read_json(<ait_sdk.common.files.ait_manifest.AITManifest object at 0x7fd8eb506a60>,/workdir/root/develop/ait.manifest.json)
[2023-05-10 05:20:44,070] [140570385422144] DEBUG	logging.py - wrapper:137 -> [END] /usr/local/lib/python3.8/dist-packages/ait_sdk/common/files/ait_manifest.py[19]:read_json()
[2023-05-10 05:20:44,164] [140570385422144] DEBUG	logging.py - wrapper:129 -> [START] /usr/local/lib/python3.8/dist-packages/ait_sdk/develop/annotation.py[2]:main()
[2023-05-10 05:20:44,165] [140570385422144] DEBUG	logging.py - wrapper:129 -> [START] /usr/local/lib/python3.8/dist-packages/ait_sdk/common/files/ait_input.py[6]:get_inventory_path(<ait_sdk.common.files.ait_input.AITInput object at 0x7fd8eb506ac0>,iris_data)
[2023-05-10 05:20:44,166] [140570385422144] DEBUG	logging.py - wrapper:129 -> [START] /usr/local/lib/python3.8/dist-packages/ait_sdk/common/files/ait_input.py[131]:_find_value(<ait_sdk.common.files.ait_input.AITInput object at 0x7fd8eb506ac0>,Inventories,iris_data)
[2023-05-10 05:20:44,166] [140570385422144] DEBUG	logging.py - wrapper:135 -> [END] /usr/local/lib/python3.8/dist-packages/ait_sdk/common/files/ait_input.py[131]:_find_value() = /usr/local/qai/inventory/iris_data/tableconvert_csv_4nryby.csv
[2023-05-10 05:20:44,169] [140570385422144] DEBUG	logging.py - wrapper:135 -> [END] /usr/local/lib/python3.8/dist-packages/ait_sdk/common/files/ait_input.py[6]:get_inventory_path() = /usr/local/qai/inventory/iris_data/tableconvert_csv_4nryby.csv
[2023-05-10 05:20:44,204] [140570385422144] DEBUG	logging.py - wrapper:129 -> [START] /usr/local/lib/python3.8/dist-packages/ait_sdk/common/files/ait_input.py[8]:get_method_param_value(<ait_sdk.common.files.ait_input.AITInput object at 0x7fd8eb506ac0>,mean_column_name)
[2023-05-10 05:20:44,205] [140570385422144] DEBUG	logging.py - wrapper:129 -> [START] /usr/local/lib/python3.8/dist-packages/ait_sdk/common/files/ait_input.py[95]:_find_value(<ait_sdk.common.files.ait_input.AITInput object at 0x7fd8eb506ac0>,MethodParams,mean_column_name)
[2023-05-10 05:20:44,205] [140570385422144] DEBUG	logging.py - wrapper:135 -> [END] /usr/local/lib/python3.8/dist-packages/ait_sdk/common/files/ait_input.py[95]:_find_value() = petal.width
[2023-05-10 05:20:44,207] [140570385422144] DEBUG	logging.py - wrapper:129 -> [START] /usr/local/lib/python3.8/dist-packages/ait_sdk/common/files/ait_manifest.py[101]:get_ait_parameter_type(<ait_sdk.common.files.ait_manifest.AITManifest object at 0x7fd8eb506a60>,mean_column_name)
[2023-05-10 05:20:44,207] [140570385422144] DEBUG	logging.py - wrapper:129 -> [START] /usr/local/lib/python3.8/dist-packages/ait_sdk/common/files/ait_manifest.py[150]:_find_path(<ait_sdk.common.files.ait_manifest.AITManifest object at 0x7fd8eb506a60>)
[2023-05-10 05:20:44,208] [140570385422144] DEBUG	logging.py - wrapper:135 -> [END] /usr/local/lib/python3.8/dist-packages/ait_sdk/common/files/ait_manifest.py[150]:_find_path() = str
[2023-05-10 05:20:44,208] [140570385422144] DEBUG	logging.py - wrapper:135 -> [END] /usr/local/lib/python3.8/dist-packages/ait_sdk/common/files/ait_manifest.py[101]:get_ait_parameter_type() = str
[2023-05-10 05:20:44,209] [140570385422144] DEBUG	logging.py - wrapper:135 -> [END] /usr/local/lib/python3.8/dist-packages/ait_sdk/common/files/ait_input.py[8]:get_method_param_value() = petal.width
[2023-05-10 05:20:44,218] [140570385422144] DEBUG	logging.py - wrapper:129 -> [START] /usr/local/lib/python3.8/dist-packages/ait_sdk/develop/annotation.py[8]:calc_mean(     sepal.length  sepal.width  petal.length  petal.width    variety
0             5.1          3.5           1.4          0.2     Setosa
1             4.9          3.0           1.4          0.2     Setosa
2             4.7          3.2           1.3          0.2     Setosa
3             4.6          3.1           1.5          0.2     Setosa
4             5.0          3.6           1.4          0.2     Setosa
..            ...          ...           ...          ...        ...
145           6.7          3.0           5.2          2.3  Virginica
146           6.3          2.5           5.0          1.9  Virginica
147           6.5          3.0           5.2          2.0  Virginica
148           6.2          3.4           5.4          2.3  Virginica
149           5.9          3.0           5.1          1.8  Virginica

[150 rows x 5 columns],petal.width)
[2023-05-10 05:20:44,221] [140570385422144] DEBUG	logging.py - wrapper:129 -> [START] /usr/local/lib/python3.8/dist-packages/ait_sdk/common/files/ait_output.py[161]:add_measure(<ait_sdk.common.files.ait_output.AITOutput object at 0x7fd8eb506a90>)
[2023-05-10 05:20:44,221] [140570385422144] DEBUG	logging.py - wrapper:137 -> [END] /usr/local/lib/python3.8/dist-packages/ait_sdk/common/files/ait_output.py[161]:add_measure()
[2023-05-10 05:20:44,222] [140570385422144] DEBUG	logging.py - wrapper:135 -> [END] /usr/local/lib/python3.8/dist-packages/ait_sdk/develop/annotation.py[8]:calc_mean() = 1.1993333333333336
[2023-05-10 05:20:44,227] [140570385422144] DEBUG	logging.py - wrapper:129 -> [START] /usr/local/lib/python3.8/dist-packages/ait_sdk/develop/annotation.py[9]:save_pair_plot(     sepal.length  sepal.width  petal.length  petal.width    variety
0             5.1          3.5           1.4          0.2     Setosa
1             4.9          3.0           1.4          0.2     Setosa
2             4.7          3.2           1.3          0.2     Setosa
3             4.6          3.1           1.5          0.2     Setosa
4             5.0          3.6           1.4          0.2     Setosa
..            ...          ...           ...          ...        ...
145           6.7          3.0           5.2          2.3  Virginica
146           6.3          2.5           5.0          1.9  Virginica
147           6.5          3.0           5.2          2.0  Virginica
148           6.2          3.4           5.4          2.3  Virginica
149           5.9          3.0           5.1          1.8  Virginica

[150 rows x 5 columns])
[2023-05-10 05:20:44,227] [140570385422144] DEBUG	logging.py - wrapper:129 -> [START] /usr/local/lib/python3.8/dist-packages/ait_sdk/develop/ait_path_helper.py[242]:get_output_resource_path(<ait_sdk.develop.ait_path_helper.AITPathHelper object at 0x7fd8eb581640>,pairplot)
[2023-05-10 05:20:44,228] [140570385422144] DEBUG	logging.py - wrapper:129 -> [START] /usr/local/lib/python3.8/dist-packages/ait_sdk/develop/ait_path_helper.py[125]:_get_result_dir_path(<ait_sdk.develop.ait_path_helper.AITPathHelper object at 0x7fd8eb581640>)
[2023-05-10 05:20:44,229] [140570385422144] DEBUG	logging.py - wrapper:129 -> [START] /usr/local/lib/python3.8/dist-packages/ait_sdk/common/files/ait_input.py[103]:get_mount_dir_path(<ait_sdk.common.files.ait_input.AITInput object at 0x7fd8eb506ac0>)
[2023-05-10 05:20:44,229] [140570385422144] DEBUG	logging.py - wrapper:135 -> [END] /usr/local/lib/python3.8/dist-packages/ait_sdk/common/files/ait_input.py[103]:get_mount_dir_path() = /usr/local/qai/mnt
[2023-05-10 05:20:44,230] [140570385422144] DEBUG	logging.py - wrapper:129 -> [START] /usr/local/lib/python3.8/dist-packages/ait_sdk/common/files/ait_input.py[104]:get_job_id(<ait_sdk.common.files.ait_input.AITInput object at 0x7fd8eb506ac0>)
[2023-05-10 05:20:44,232] [140570385422144] DEBUG	logging.py - wrapper:135 -> [END] /usr/local/lib/python3.8/dist-packages/ait_sdk/common/files/ait_input.py[104]:get_job_id() = 1
[2023-05-10 05:20:44,233] [140570385422144] DEBUG	logging.py - wrapper:129 -> [START] /usr/local/lib/python3.8/dist-packages/ait_sdk/common/files/ait_input.py[105]:get_run_id(<ait_sdk.common.files.ait_input.AITInput object at 0x7fd8eb506ac0>)
[2023-05-10 05:20:44,234] [140570385422144] DEBUG	logging.py - wrapper:135 -> [END] /usr/local/lib/python3.8/dist-packages/ait_sdk/common/files/ait_input.py[105]:get_run_id() = 1
[2023-05-10 05:20:44,234] [140570385422144] DEBUG	logging.py - wrapper:135 -> [END] /usr/local/lib/python3.8/dist-packages/ait_sdk/develop/ait_path_helper.py[125]:_get_result_dir_path() = /usr/local/qai/mnt/ip/job_result/1/1
[2023-05-10 05:20:44,237] [140570385422144] DEBUG	logging.py - wrapper:135 -> [END] /usr/local/lib/python3.8/dist-packages/ait_sdk/develop/ait_path_helper.py[242]:get_output_resource_path() = /usr/local/qai/mnt/ip/job_result/1/1/resources/pairplot/
[2023-05-10 05:20:44,269] [140570385422144] DEBUG	pyplot.py - switch_backend:338 -> Loaded backend module://matplotlib_inline.backend_inline version unknown.
[2023-05-10 05:20:44,272] [140570385422144] DEBUG	pyplot.py - switch_backend:338 -> Loaded backend module://matplotlib_inline.backend_inline version unknown.
[2023-05-10 05:20:44,280] [140570385422144] DEBUG	font_manager.py - _findfont_cached:1378 -> findfont: Matching sans\-serif:style=normal:variant=normal:weight=normal:stretch=normal:size=10.0.
[2023-05-10 05:20:44,281] [140570385422144] DEBUG	font_manager.py - _findfont_cached:1390 -> findfont: score(FontEntry(fname='/usr/local/lib/python3.8/dist-packages/matplotlib/mpl-data/fonts/ttf/STIXGeneralBol.ttf', name='STIXGeneral', style='normal', variant='normal', weight=700, stretch='normal', size='scalable')) = 10.335
[2023-05-10 05:20:44,281] [140570385422144] DEBUG	font_manager.py - _findfont_cached:1390 -> findfont: score(FontEntry(fname='/usr/local/lib/python3.8/dist-packages/matplotlib/mpl-data/fonts/ttf/DejaVuSerif-Bold.ttf', name='DejaVu Serif', style='normal', variant='normal', weight=700, stretch='normal', size='scalable')) = 10.335
[2023-05-10 05:20:44,282] [140570385422144] DEBUG	font_manager.py - _findfont_cached:1390 -> findfont: score(FontEntry(fname='/usr/local/lib/python3.8/dist-packages/matplotlib/mpl-data/fonts/ttf/STIXSizOneSymBol.ttf', name='STIXSizeOneSym', style='normal', variant='normal', weight=700, stretch='normal', size='scalable')) = 10.335
[2023-05-10 05:20:44,283] [140570385422144] DEBUG	font_manager.py - _findfont_cached:1390 -> findfont: score(FontEntry(fname='/usr/local/lib/python3.8/dist-packages/matplotlib/mpl-data/fonts/ttf/STIXSizTwoSymReg.ttf', name='STIXSizeTwoSym', style='normal', variant='normal', weight=400, stretch='normal', size='scalable')) = 10.05
[2023-05-10 05:20:44,283] [140570385422144] DEBUG	font_manager.py - _findfont_cached:1390 -> findfont: score(FontEntry(fname='/usr/local/lib/python3.8/dist-packages/matplotlib/mpl-data/fonts/ttf/DejaVuSansMono.ttf', name='DejaVu Sans Mono', style='normal', variant='normal', weight=400, stretch='normal', size='scalable')) = 10.05
[2023-05-10 05:20:44,284] [140570385422144] DEBUG	font_manager.py - _findfont_cached:1390 -> findfont: score(FontEntry(fname='/usr/local/lib/python3.8/dist-packages/matplotlib/mpl-data/fonts/ttf/DejaVuSerif-BoldItalic.ttf', name='DejaVu Serif', style='italic', variant='normal', weight=700, stretch='normal', size='scalable')) = 11.335
[2023-05-10 05:20:44,284] [140570385422144] DEBUG	font_manager.py - _findfont_cached:1390 -> findfont: score(FontEntry(fname='/usr/local/lib/python3.8/dist-packages/matplotlib/mpl-data/fonts/ttf/DejaVuSans-Bold.ttf', name='DejaVu Sans', style='normal', variant='normal', weight=700, stretch='normal', size='scalable')) = 0.33499999999999996
[2023-05-10 05:20:44,285] [140570385422144] DEBUG	font_manager.py - _findfont_cached:1390 -> findfont: score(FontEntry(fname='/usr/local/lib/python3.8/dist-packages/matplotlib/mpl-data/fonts/ttf/DejaVuSans.ttf', name='DejaVu Sans', style='normal', variant='normal', weight=400, stretch='normal', size='scalable')) = 0.05
[2023-05-10 05:20:44,285] [140570385422144] DEBUG	font_manager.py - _findfont_cached:1390 -> findfont: score(FontEntry(fname='/usr/local/lib/python3.8/dist-packages/matplotlib/mpl-data/fonts/ttf/DejaVuSansDisplay.ttf', name='DejaVu Sans Display', style='normal', variant='normal', weight=400, stretch='normal', size='scalable')) = 10.05
[2023-05-10 05:20:44,288] [140570385422144] DEBUG	font_manager.py - _findfont_cached:1390 -> findfont: score(FontEntry(fname='/usr/local/lib/python3.8/dist-packages/matplotlib/mpl-data/fonts/ttf/STIXSizThreeSymReg.ttf', name='STIXSizeThreeSym', style='normal', variant='normal', weight=400, stretch='normal', size='scalable')) = 10.05
[2023-05-10 05:20:44,288] [140570385422144] DEBUG	font_manager.py - _findfont_cached:1390 -> findfont: score(FontEntry(fname='/usr/local/lib/python3.8/dist-packages/matplotlib/mpl-data/fonts/ttf/cmr10.ttf', name='cmr10', style='normal', variant='normal', weight=400, stretch='normal', size='scalable')) = 10.05
[2023-05-10 05:20:44,289] [140570385422144] DEBUG	font_manager.py - _findfont_cached:1390 -> findfont: score(FontEntry(fname='/usr/local/lib/python3.8/dist-packages/matplotlib/mpl-data/fonts/ttf/DejaVuSans-Oblique.ttf', name='DejaVu Sans', style='oblique', variant='normal', weight=400, stretch='normal', size='scalable')) = 1.05
[2023-05-10 05:20:44,290] [140570385422144] DEBUG	font_manager.py - _findfont_cached:1390 -> findfont: score(FontEntry(fname='/usr/local/lib/python3.8/dist-packages/matplotlib/mpl-data/fonts/ttf/cmex10.ttf', name='cmex10', style='normal', variant='normal', weight=400, stretch='normal', size='scalable')) = 10.05
[2023-05-10 05:20:44,290] [140570385422144] DEBUG	font_manager.py - _findfont_cached:1390 -> findfont: score(FontEntry(fname='/usr/local/lib/python3.8/dist-packages/matplotlib/mpl-data/fonts/ttf/STIXSizTwoSymBol.ttf', name='STIXSizeTwoSym', style='normal', variant='normal', weight=700, stretch='normal', size='scalable')) = 10.335
[2023-05-10 05:20:44,290] [140570385422144] DEBUG	font_manager.py - _findfont_cached:1390 -> findfont: score(FontEntry(fname='/usr/local/lib/python3.8/dist-packages/matplotlib/mpl-data/fonts/ttf/STIXNonUniBol.ttf', name='STIXNonUnicode', style='normal', variant='normal', weight=700, stretch='normal', size='scalable')) = 10.335
[2023-05-10 05:20:44,291] [140570385422144] DEBUG	font_manager.py - _findfont_cached:1390 -> findfont: score(FontEntry(fname='/usr/local/lib/python3.8/dist-packages/matplotlib/mpl-data/fonts/ttf/STIXGeneralBolIta.ttf', name='STIXGeneral', style='italic', variant='normal', weight=700, stretch='normal', size='scalable')) = 11.335
[2023-05-10 05:20:44,291] [140570385422144] DEBUG	font_manager.py - _findfont_cached:1390 -> findfont: score(FontEntry(fname='/usr/local/lib/python3.8/dist-packages/matplotlib/mpl-data/fonts/ttf/STIXGeneralItalic.ttf', name='STIXGeneral', style='italic', variant='normal', weight=400, stretch='normal', size='scalable')) = 11.05
[2023-05-10 05:20:44,292] [140570385422144] DEBUG	font_manager.py - _findfont_cached:1390 -> findfont: score(FontEntry(fname='/usr/local/lib/python3.8/dist-packages/matplotlib/mpl-data/fonts/ttf/DejaVuSansMono-Oblique.ttf', name='DejaVu Sans Mono', style='oblique', variant='normal', weight=400, stretch='normal', size='scalable')) = 11.05
[2023-05-10 05:20:44,293] [140570385422144] DEBUG	font_manager.py - _findfont_cached:1390 -> findfont: score(FontEntry(fname='/usr/local/lib/python3.8/dist-packages/matplotlib/mpl-data/fonts/ttf/cmtt10.ttf', name='cmtt10', style='normal', variant='normal', weight=400, stretch='normal', size='scalable')) = 10.05
[2023-05-10 05:20:44,294] [140570385422144] DEBUG	font_manager.py - _findfont_cached:1390 -> findfont: score(FontEntry(fname='/usr/local/lib/python3.8/dist-packages/matplotlib/mpl-data/fonts/ttf/STIXSizFourSymBol.ttf', name='STIXSizeFourSym', style='normal', variant='normal', weight=700, stretch='normal', size='scalable')) = 10.335
[2023-05-10 05:20:44,295] [140570385422144] DEBUG	font_manager.py - _findfont_cached:1390 -> findfont: score(FontEntry(fname='/usr/local/lib/python3.8/dist-packages/matplotlib/mpl-data/fonts/ttf/STIXSizFourSymReg.ttf', name='STIXSizeFourSym', style='normal', variant='normal', weight=400, stretch='normal', size='scalable')) = 10.05
[2023-05-10 05:20:44,295] [140570385422144] DEBUG	font_manager.py - _findfont_cached:1390 -> findfont: score(FontEntry(fname='/usr/local/lib/python3.8/dist-packages/matplotlib/mpl-data/fonts/ttf/STIXGeneral.ttf', name='STIXGeneral', style='normal', variant='normal', weight=400, stretch='normal', size='scalable')) = 10.05
[2023-05-10 05:20:44,295] [140570385422144] DEBUG	font_manager.py - _findfont_cached:1390 -> findfont: score(FontEntry(fname='/usr/local/lib/python3.8/dist-packages/matplotlib/mpl-data/fonts/ttf/STIXSizOneSymReg.ttf', name='STIXSizeOneSym', style='normal', variant='normal', weight=400, stretch='normal', size='scalable')) = 10.05
[2023-05-10 05:20:44,296] [140570385422144] DEBUG	font_manager.py - _findfont_cached:1390 -> findfont: score(FontEntry(fname='/usr/local/lib/python3.8/dist-packages/matplotlib/mpl-data/fonts/ttf/STIXNonUniIta.ttf', name='STIXNonUnicode', style='italic', variant='normal', weight=400, stretch='normal', size='scalable')) = 11.05
[2023-05-10 05:20:44,297] [140570385422144] DEBUG	font_manager.py - _findfont_cached:1390 -> findfont: score(FontEntry(fname='/usr/local/lib/python3.8/dist-packages/matplotlib/mpl-data/fonts/ttf/cmsy10.ttf', name='cmsy10', style='normal', variant='normal', weight=400, stretch='normal', size='scalable')) = 10.05
[2023-05-10 05:20:44,297] [140570385422144] DEBUG	font_manager.py - _findfont_cached:1390 -> findfont: score(FontEntry(fname='/usr/local/lib/python3.8/dist-packages/matplotlib/mpl-data/fonts/ttf/DejaVuSerif.ttf', name='DejaVu Serif', style='normal', variant='normal', weight=400, stretch='normal', size='scalable')) = 10.05
[2023-05-10 05:20:44,298] [140570385422144] DEBUG	font_manager.py - _findfont_cached:1390 -> findfont: score(FontEntry(fname='/usr/local/lib/python3.8/dist-packages/matplotlib/mpl-data/fonts/ttf/DejaVuSerifDisplay.ttf', name='DejaVu Serif Display', style='normal', variant='normal', weight=400, stretch='normal', size='scalable')) = 10.05
[2023-05-10 05:20:44,298] [140570385422144] DEBUG	font_manager.py - _findfont_cached:1390 -> findfont: score(FontEntry(fname='/usr/local/lib/python3.8/dist-packages/matplotlib/mpl-data/fonts/ttf/cmb10.ttf', name='cmb10', style='normal', variant='normal', weight=400, stretch='normal', size='scalable')) = 10.05
[2023-05-10 05:20:44,298] [140570385422144] DEBUG	font_manager.py - _findfont_cached:1390 -> findfont: score(FontEntry(fname='/usr/local/lib/python3.8/dist-packages/matplotlib/mpl-data/fonts/ttf/STIXNonUniBolIta.ttf', name='STIXNonUnicode', style='italic', variant='normal', weight=700, stretch='normal', size='scalable')) = 11.335
[2023-05-10 05:20:44,299] [140570385422144] DEBUG	font_manager.py - _findfont_cached:1390 -> findfont: score(FontEntry(fname='/usr/local/lib/python3.8/dist-packages/matplotlib/mpl-data/fonts/ttf/STIXNonUni.ttf', name='STIXNonUnicode', style='normal', variant='normal', weight=400, stretch='normal', size='scalable')) = 10.05
[2023-05-10 05:20:44,299] [140570385422144] DEBUG	font_manager.py - _findfont_cached:1390 -> findfont: score(FontEntry(fname='/usr/local/lib/python3.8/dist-packages/matplotlib/mpl-data/fonts/ttf/DejaVuSans-BoldOblique.ttf', name='DejaVu Sans', style='oblique', variant='normal', weight=700, stretch='normal', size='scalable')) = 1.335
[2023-05-10 05:20:44,301] [140570385422144] DEBUG	font_manager.py - _findfont_cached:1390 -> findfont: score(FontEntry(fname='/usr/local/lib/python3.8/dist-packages/matplotlib/mpl-data/fonts/ttf/cmmi10.ttf', name='cmmi10', style='normal', variant='normal', weight=400, stretch='normal', size='scalable')) = 10.05
[2023-05-10 05:20:44,302] [140570385422144] DEBUG	font_manager.py - _findfont_cached:1390 -> findfont: score(FontEntry(fname='/usr/local/lib/python3.8/dist-packages/matplotlib/mpl-data/fonts/ttf/DejaVuSerif-Italic.ttf', name='DejaVu Serif', style='italic', variant='normal', weight=400, stretch='normal', size='scalable')) = 11.05
[2023-05-10 05:20:44,302] [140570385422144] DEBUG	font_manager.py - _findfont_cached:1390 -> findfont: score(FontEntry(fname='/usr/local/lib/python3.8/dist-packages/matplotlib/mpl-data/fonts/ttf/DejaVuSansMono-BoldOblique.ttf', name='DejaVu Sans Mono', style='oblique', variant='normal', weight=700, stretch='normal', size='scalable')) = 11.335
[2023-05-10 05:20:44,303] [140570385422144] DEBUG	font_manager.py - _findfont_cached:1390 -> findfont: score(FontEntry(fname='/usr/local/lib/python3.8/dist-packages/matplotlib/mpl-data/fonts/ttf/cmss10.ttf', name='cmss10', style='normal', variant='normal', weight=400, stretch='normal', size='scalable')) = 10.05
[2023-05-10 05:20:44,304] [140570385422144] DEBUG	font_manager.py - _findfont_cached:1390 -> findfont: score(FontEntry(fname='/usr/local/lib/python3.8/dist-packages/matplotlib/mpl-data/fonts/ttf/STIXSizFiveSymReg.ttf', name='STIXSizeFiveSym', style='normal', variant='normal', weight=400, stretch='normal', size='scalable')) = 10.05
[2023-05-10 05:20:44,304] [140570385422144] DEBUG	font_manager.py - _findfont_cached:1390 -> findfont: score(FontEntry(fname='/usr/local/lib/python3.8/dist-packages/matplotlib/mpl-data/fonts/ttf/DejaVuSansMono-Bold.ttf', name='DejaVu Sans Mono', style='normal', variant='normal', weight=700, stretch='normal', size='scalable')) = 10.335
[2023-05-10 05:20:44,305] [140570385422144] DEBUG	font_manager.py - _findfont_cached:1390 -> findfont: score(FontEntry(fname='/usr/local/lib/python3.8/dist-packages/matplotlib/mpl-data/fonts/ttf/STIXSizThreeSymBol.ttf', name='STIXSizeThreeSym', style='normal', variant='normal', weight=700, stretch='normal', size='scalable')) = 10.335
[2023-05-10 05:20:44,305] [140570385422144] DEBUG	font_manager.py - _findfont_cached:1419 -> findfont: Matching sans\-serif:style=normal:variant=normal:weight=normal:stretch=normal:size=10.0 to DejaVu Sans ('/usr/local/lib/python3.8/dist-packages/matplotlib/mpl-data/fonts/ttf/DejaVuSans.ttf') with score of 0.050000.
[2023-05-10 05:20:47,778] [140570385422144] DEBUG	logging.py - wrapper:129 -> [START] /usr/local/lib/python3.8/dist-packages/ait_sdk/common/files/ait_output.py[260]:add_resource(<ait_sdk.common.files.ait_output.AITOutput object at 0x7fd8eb506a90>)
[2023-05-10 05:20:47,779] [140570385422144] DEBUG	logging.py - wrapper:137 -> [END] /usr/local/lib/python3.8/dist-packages/ait_sdk/common/files/ait_output.py[260]:add_resource()
[2023-05-10 05:20:47,780] [140570385422144] DEBUG	logging.py - wrapper:137 -> [END] /usr/local/lib/python3.8/dist-packages/ait_sdk/develop/annotation.py[9]:save_pair_plot()
[2023-05-10 05:20:47,780] [140570385422144] DEBUG	logging.py - wrapper:129 -> [START] /usr/local/lib/python3.8/dist-packages/ait_sdk/develop/annotation.py[10]:move_log()
[2023-05-10 05:20:47,781] [140570385422144] DEBUG	logging.py - wrapper:129 -> [START] /usr/local/lib/python3.8/dist-packages/ait_sdk/develop/ait_path_helper.py[331]:get_output_download_path(<ait_sdk.develop.ait_path_helper.AITPathHelper object at 0x7fd8eb581640>,Log)
[2023-05-10 05:20:47,782] [140570385422144] DEBUG	logging.py - wrapper:129 -> [START] /usr/local/lib/python3.8/dist-packages/ait_sdk/develop/ait_path_helper.py[145]:_get_result_dir_path(<ait_sdk.develop.ait_path_helper.AITPathHelper object at 0x7fd8eb581640>)
[2023-05-10 05:20:47,782] [140570385422144] DEBUG	logging.py - wrapper:129 -> [START] /usr/local/lib/python3.8/dist-packages/ait_sdk/common/files/ait_input.py[103]:get_mount_dir_path(<ait_sdk.common.files.ait_input.AITInput object at 0x7fd8eb506ac0>)
[2023-05-10 05:20:47,783] [140570385422144] DEBUG	logging.py - wrapper:135 -> [END] /usr/local/lib/python3.8/dist-packages/ait_sdk/common/files/ait_input.py[103]:get_mount_dir_path() = /usr/local/qai/mnt
[2023-05-10 05:20:47,783] [140570385422144] DEBUG	logging.py - wrapper:129 -> [START] /usr/local/lib/python3.8/dist-packages/ait_sdk/common/files/ait_input.py[104]:get_job_id(<ait_sdk.common.files.ait_input.AITInput object at 0x7fd8eb506ac0>)
[2023-05-10 05:20:47,784] [140570385422144] DEBUG	logging.py - wrapper:135 -> [END] /usr/local/lib/python3.8/dist-packages/ait_sdk/common/files/ait_input.py[104]:get_job_id() = 1
[2023-05-10 05:20:47,784] [140570385422144] DEBUG	logging.py - wrapper:129 -> [START] /usr/local/lib/python3.8/dist-packages/ait_sdk/common/files/ait_input.py[105]:get_run_id(<ait_sdk.common.files.ait_input.AITInput object at 0x7fd8eb506ac0>)
[2023-05-10 05:20:47,785] [140570385422144] DEBUG	logging.py - wrapper:135 -> [END] /usr/local/lib/python3.8/dist-packages/ait_sdk/common/files/ait_input.py[105]:get_run_id() = 1
[2023-05-10 05:20:47,785] [140570385422144] DEBUG	logging.py - wrapper:135 -> [END] /usr/local/lib/python3.8/dist-packages/ait_sdk/develop/ait_path_helper.py[145]:_get_result_dir_path() = /usr/local/qai/mnt/ip/job_result/1/1
[2023-05-10 05:20:47,786] [140570385422144] DEBUG	logging.py - wrapper:135 -> [END] /usr/local/lib/python3.8/dist-packages/ait_sdk/develop/ait_path_helper.py[331]:get_output_download_path() = /usr/local/qai/mnt/ip/job_result/1/1/downloads/Log/
